<?xml version="1.0" encoding="UTF-8"?>
<!-- Generated by org.testng.reporters.JUnitReportReporter -->
<testsuite hostname="IN2450295W2" failures="0" tests="1" name="com.test.common.Hook" time="0.019" errors="0" timestamp="2023-02-08T01:41:10 IST" skipped="0">
  <testcase classname="com.test.common.Hook" name="f" time="0.019"/>
  <system-out/>
</testsuite> <!-- com.test.common.Hook -->
